<?xml version="1.0" encoding="UTF-8"?>
<!-- Generated by org.testng.reporters.JUnitReportReporter -->
<testsuite hostname="DESKTOP-626RVVJ" name="com.qtpselenium.hybrid.driver.CheckExtentReports" tests="1" failures="0" timestamp="20 Aug 2018 12:26:16 GMT" time="0.457" errors="0">
  <testcase name="doLogin" time="0.457" classname="com.qtpselenium.hybrid.driver.CheckExtentReports"/>
</testsuite> <!-- com.qtpselenium.hybrid.driver.CheckExtentReports -->
